<?xml version="1.0" encoding="UTF-8"?>
<!-- Generated by org.testng.reporters.JUnitReportReporter -->
<testsuite hostname="LAPTOP-1MJOEPEC" failures="0" tests="1" name="executerScrpt.Opportunitiescript" time="43.051" errors="0" timestamp="2022-02-14T10:58:04 IST" skipped="0">
  <testcase classname="executerScrpt.Opportunitiescript" name="AccountFunc" time="43.051"/>
  <system-out/>
</testsuite> <!-- executerScrpt.Opportunitiescript -->
