<?xml version="1.0" encoding="UTF-8"?>
<!-- Generated by org.testng.reporters.JUnitReportReporter -->
<testsuite hostname="LAPTOP-1MJOEPEC" failures="0" tests="1" name="executerScrpt.Opportunitiescript" time="70.544" errors="0" timestamp="2022-02-15T11:25:29 IST" skipped="0">
  <testcase classname="executerScrpt.Opportunitiescript" name="AccountFunc" time="70.544"/>
  <system-out/>
</testsuite> <!-- executerScrpt.Opportunitiescript -->
