<?xml version="1.0" encoding="UTF-8"?>
<!-- Generated by org.testng.reporters.JUnitReportReporter -->
<testsuite hostname="LAPTOP-1MJOEPEC" failures="0" tests="1" name="executerScrpt.Accountscript" time="33.603" errors="0" timestamp="2022-02-14T12:10:47 IST" skipped="0">
  <testcase classname="executerScrpt.Accountscript" name="AccountFunc" time="33.603"/>
  <system-out/>
</testsuite> <!-- executerScrpt.Accountscript -->
