<?xml version="1.0" encoding="UTF-8"?>
<!-- Generated by org.testng.reporters.JUnitReportReporter -->
<testsuite hostname="LAPTOP-1MJOEPEC" failures="0" tests="1" name="executerScrpt.Notescript" time="28.911" errors="0" timestamp="2022-02-09T16:39:10 IST" skipped="0">
  <testcase classname="executerScrpt.Notescript" name="TasksFunc" time="28.911"/>
  <system-out/>
</testsuite> <!-- executerScrpt.Notescript -->
