<?xml version="1.0" encoding="UTF-8"?>
<!-- Generated by org.testng.reporters.JUnitReportReporter -->
<testsuite hostname="LAPTOP-1MJOEPEC" failures="0" tests="1" name="executerScrpt.Contactscript" time="64.457" errors="0" timestamp="2022-02-11T11:52:02 IST" skipped="0">
  <testcase classname="executerScrpt.Contactscript" name="ContactsFunc" time="64.457"/>
  <system-out/>
</testsuite> <!-- executerScrpt.Contactscript -->
