<?xml version="1.0" encoding="UTF-8"?>
<!-- Generated by org.testng.reporters.JUnitReportReporter -->
<testsuite hostname="LAPTOP-1MJOEPEC" failures="0" tests="1" name="executerScrpt.Taskscript" time="37.098" errors="0" timestamp="2022-02-09T16:39:10 IST" skipped="0">
  <testcase classname="executerScrpt.Taskscript" name="TasksFunc" time="37.098"/>
  <system-out/>
</testsuite> <!-- executerScrpt.Taskscript -->
