<?xml version="1.0" encoding="UTF-8"?>
<!-- Generated by org.testng.reporters.JUnitReportReporter -->
<testsuite hostname="LAPTOP-1MJOEPEC" failures="0" tests="1" name="executerScrpt.Notescript" time="50.059" errors="0" timestamp="2022-02-15T11:25:29 IST" skipped="0">
  <testcase classname="executerScrpt.Notescript" name="TasksFunc" time="50.059"/>
  <system-out/>
</testsuite> <!-- executerScrpt.Notescript -->
