<?xml version="1.0" encoding="UTF-8"?>
<!-- Generated by org.testng.reporters.JUnitReportReporter -->
<testsuite hostname="LAPTOP-1MJOEPEC" failures="0" tests="1" name="executerScrpt.Taskscript" time="44.524" errors="0" timestamp="2022-02-15T11:25:29 IST" skipped="0">
  <testcase classname="executerScrpt.Taskscript" name="TasksFunc" time="44.524"/>
  <system-out/>
</testsuite> <!-- executerScrpt.Taskscript -->
